2024-12-31 19:01:35 [[31merror[39m]: An error occurred!
2024-12-31 19:01:35 [[32minfo[39m]: Server running on port 8768
2024-12-31 19:01:48 [[31merror[39m]: An error occurred!
2024-12-31 19:01:48 [[32minfo[39m]: Server running on port 8768
2024-12-31 19:01:48 [[32minfo[39m]: DB connected successfully
2024-12-31 19:05:50 [[31merror[39m]: An error occurred!
2024-12-31 19:05:50 [[32minfo[39m]: Server running on port 8768
2024-12-31 19:05:51 [[32minfo[39m]: DB connected successfully
2024-12-31 19:06:49 [[31merror[39m]: An error occurred!
2024-12-31 19:06:49 [[32minfo[39m]: Server running on port 8768
2024-12-31 19:06:49 [[32minfo[39m]: DB connected successfully
2024-12-31 19:06:56 [[31merror[39m]: An error occurred!
2024-12-31 19:06:56 [[32minfo[39m]: Server running on port 8768
2024-12-31 19:06:56 [[32minfo[39m]: DB connected successfully
2024-12-31 19:07:37 [[31merror[39m]: An error occurred!
2024-12-31 19:07:37 [[32minfo[39m]: Server running on port 8768
2024-12-31 19:07:37 [[32minfo[39m]: DB connected successfully
2024-12-31 19:09:06 [[31merror[39m]: An error occurred!
2024-12-31 19:09:06 [[32minfo[39m]: Server running on port 8768
2024-12-31 19:09:06 [[32minfo[39m]: DB connected successfully
2024-12-31 19:09:15 [[31merror[39m]: An error occurred!
2024-12-31 19:09:15 [[32minfo[39m]: Server running on port 8768
2024-12-31 19:09:15 [[32minfo[39m]: DB connected successfully
2024-12-31 19:10:54 [[31merror[39m]: An error occurred!
2024-12-31 19:10:54 [[32minfo[39m]: Server running on port 8768
2024-12-31 19:10:54 [[32minfo[39m]: DB connected successfully
2024-12-31 19:11:56 [[31merror[39m]: An error occurred!
2024-12-31 19:11:56 [[32minfo[39m]: Server running on port 8768
2024-12-31 19:11:56 [[32minfo[39m]: DB connected successfully
2024-12-31 19:12:00 [[32minfo[39m]: User [object Object]
2024-12-31 19:14:58 [[31merror[39m]: An error occurred!
2024-12-31 19:14:58 [[32minfo[39m]: Server running on port 8768
2024-12-31 19:14:58 [[32minfo[39m]: DB connected successfully
2024-12-31 19:15:07 [[32minfo[39m]: User [object Object]
2024-12-31 19:15:24 [[32minfo[39m]: User [object Object]
2024-12-31 19:16:19 [[31merror[39m]: An error occurred!
2024-12-31 19:16:19 [[32minfo[39m]: Server running on port 8768
2024-12-31 19:16:20 [[32minfo[39m]: DB connected successfully
2024-12-31 19:16:43 [[31merror[39m]: An error occurred!
2024-12-31 19:16:43 [[32minfo[39m]: Server running on port 8768
2024-12-31 19:16:43 [[32minfo[39m]: DB connected successfully
2024-12-31 19:17:16 [[32minfo[39m]: User db60aeef-53b9-4d96-a8d6-79154b3fa57b
2024-12-31 19:19:10 [[31merror[39m]: An error occurred!
2024-12-31 19:19:10 [[32minfo[39m]: Server running on port 8768
2024-12-31 19:19:10 [[32minfo[39m]: DB connected successfully
2024-12-31 19:19:13 [[32minfo[39m]: User db60aeef-53b9-4d96-a8d6-79154b3fa57b
2024-12-31 19:26:05 [[31merror[39m]: An error occurred!
2024-12-31 19:26:05 [[32minfo[39m]: Server running on port 8768
2024-12-31 19:26:07 [[32minfo[39m]: DB connected successfully
